мая 06, 2024 4:51:57 PM org.example.Person <init>
INFO: Person name: null
мая 06, 2024 4:51:57 PM org.example.Employee <init>
INFO: Employee name: Ходжахов Эмиль
мая 06, 2024 4:51:57 PM org.example.Person <init>
INFO: Person name: null
мая 06, 2024 4:51:57 PM org.example.Employee <init>
INFO: Employee name: Лысенко Семён
мая 06, 2024 4:51:57 PM org.example.Person <init>
INFO: Person name: null
мая 06, 2024 4:51:57 PM org.example.Employee <init>
INFO: Employee name: Солнцев Гоген
мая 13, 2024 4:22:06 PM org.example.Main main
WARNING: null
мая 13, 2024 4:22:06 PM org.example.Main main
SEVERE: null
мая 13, 2024 4:25:54 PM org.example.Main main
WARNING: null
мая 13, 2024 4:25:54 PM org.example.Main main
SEVERE: null
мая 13, 2024 4:45:43 PM org.example.Person <init>
INFO: Person name: null
мая 13, 2024 4:45:43 PM org.example.Employee <init>
INFO: Employee name: Ходжахов Эмиль
мая 13, 2024 4:45:43 PM org.example.Person <init>
INFO: Person name: null
мая 13, 2024 4:45:43 PM org.example.Employee <init>
INFO: Employee name: Лысенко Семён
мая 13, 2024 4:45:43 PM org.example.Person <init>
INFO: Person name: null
мая 13, 2024 4:45:43 PM org.example.Employee <init>
INFO: Employee name: Солнцев Гоген
мая 13, 2024 4:45:53 PM org.example.Main main
WARNING: null
мая 13, 2024 4:45:53 PM org.example.Main main
SEVERE: null
