мая 13, 2024 4:22:06 PM org.example.Main main
WARNING: null
мая 13, 2024 4:22:06 PM org.example.Main main
SEVERE: null
мая 13, 2024 4:25:54 PM org.example.Main main
WARNING: null
мая 13, 2024 4:25:54 PM org.example.Main main
SEVERE: null
мая 13, 2024 4:45:43 PM org.example.Work <init>
INFO: Work task: Собирать молотки
мая 13, 2024 4:45:43 PM org.example.Work <init>
INFO: Work task: Пилить ручки
мая 13, 2024 4:45:43 PM org.example.Work <init>
INFO: Work task: Делать бойки
мая 13, 2024 4:45:43 PM org.example.Work <init>
INFO: Work task: Упаковывать молотки
мая 13, 2024 4:45:43 PM org.example.Person <init>
INFO: Person name: null
мая 13, 2024 4:45:43 PM org.example.Employee <init>
INFO: Employee name: Ходжахов Эмиль
мая 13, 2024 4:45:43 PM org.example.Person <init>
INFO: Person name: null
мая 13, 2024 4:45:43 PM org.example.Employee <init>
INFO: Employee name: Лысенко Семён
мая 13, 2024 4:45:43 PM org.example.Person <init>
INFO: Person name: null
мая 13, 2024 4:45:43 PM org.example.Employee <init>
INFO: Employee name: Солнцев Гоген
мая 13, 2024 4:45:53 PM org.example.Main main
WARNING: null
мая 13, 2024 4:45:53 PM org.example.Main main
SEVERE: null
мая 19, 2024 3:08:23 PM org.example.Main main
WARNING: null
мая 19, 2024 3:08:23 PM org.example.Main main
SEVERE: null
мая 19, 2024 3:11:19 PM org.example.Main main
WARNING: null
мая 19, 2024 3:11:19 PM org.example.Main main
SEVERE: null
